sending incremental file list
mattermost/client/plugins/
mattermost/client/plugins/com.github.matterpoll.matterpoll/
mattermost/client/plugins/com.github.matterpoll.matterpoll/com.github.matterpoll.matterpoll_8d4d7b4076b9ba73_bundle.js
mattermost/client/plugins/com.mattermost.nps/
mattermost/client/plugins/com.mattermost.nps/com.mattermost.nps_88b896d8e1051677_bundle.js
mattermost/client/plugins/com.mattermost.plugin-channel-export/
mattermost/client/plugins/com.mattermost.plugin-channel-export/com.mattermost.plugin-channel-export_b1a644c5d9758acb_bundle.js
mattermost/client/plugins/com.mattermost.webex/
mattermost/client/plugins/com.mattermost.webex/com.mattermost.webex_464a07dfb58db466_bundle.js
mattermost/client/plugins/com.mattermost.webex/main.js.map
mattermost/client/plugins/focalboard/
mattermost/client/plugins/focalboard/Metropolis-Light.woff2
mattermost/client/plugins/focalboard/Metropolis-LightItalic.woff2
mattermost/client/plugins/focalboard/Metropolis-Regular.woff2
mattermost/client/plugins/focalboard/Metropolis-RegularItalic.woff2
mattermost/client/plugins/focalboard/Metropolis-SemiBold.woff2
mattermost/client/plugins/focalboard/Metropolis-SemiBoldItalic.woff2
mattermost/client/plugins/focalboard/addDescription.png
mattermost/client/plugins/focalboard/addProperty.gif
mattermost/client/plugins/focalboard/app-bar-icon.png
mattermost/client/plugins/focalboard/boards-screenshots.png
mattermost/client/plugins/focalboard/boards-welcome-small.png
mattermost/client/plugins/focalboard/boards-welcome.png
mattermost/client/plugins/focalboard/changeViews.gif
mattermost/client/plugins/focalboard/comment.gif
mattermost/client/plugins/focalboard/copyLink.gif
mattermost/client/plugins/focalboard/focalboard_bbe8aec018ab4d44_bundle.js
mattermost/client/plugins/focalboard/main.js.LICENSE.txt
mattermost/client/plugins/focalboard/share.gif
mattermost/client/plugins/focalboard/upgrade.png
mattermost/client/plugins/jira/
mattermost/client/plugins/jira/jira_f4415d286af2ddad_bundle.js
mattermost/client/plugins/jira/main.js.map
mattermost/client/plugins/jitsi/
mattermost/client/plugins/jitsi/jitsi_d5a378aa78a24ee9_bundle.js
mattermost/client/plugins/playbooks/
mattermost/client/plugins/playbooks/main.js.LICENSE.txt
mattermost/client/plugins/playbooks/main.js.map
mattermost/client/plugins/playbooks/playbooks_be4296104ebd40d4_bundle.js
mattermost/client/plugins/zoom/
mattermost/client/plugins/zoom/main.js.LICENSE.txt
mattermost/client/plugins/zoom/zoom_249d6071dc514b5a_bundle.js
mattermost/config/config.json
mattermost/data/
mattermost/data/20230215/
mattermost/data/20230215/teams/
mattermost/data/20230215/teams/noteam/
mattermost/data/20230215/teams/noteam/channels/
mattermost/data/20230215/teams/noteam/channels/44qw15px83fbbff3ixs4nskt8c/
mattermost/data/20230215/teams/noteam/channels/44qw15px83fbbff3ixs4nskt8c/users/
mattermost/data/20230215/teams/noteam/channels/44qw15px83fbbff3ixs4nskt8c/users/81jxicdk33rzdren99753nw75e/
mattermost/data/20230215/teams/noteam/channels/44qw15px83fbbff3ixs4nskt8c/users/81jxicdk33rzdren99753nw75e/et1y1pmf6jbc7mzrzskgyndxaw/
mattermost/data/20230215/teams/noteam/channels/44qw15px83fbbff3ixs4nskt8c/users/81jxicdk33rzdren99753nw75e/et1y1pmf6jbc7mzrzskgyndxaw/image.png
mattermost/data/20230215/teams/noteam/channels/44qw15px83fbbff3ixs4nskt8c/users/81jxicdk33rzdren99753nw75e/et1y1pmf6jbc7mzrzskgyndxaw/image_preview.png
mattermost/data/20230215/teams/noteam/channels/44qw15px83fbbff3ixs4nskt8c/users/81jxicdk33rzdren99753nw75e/et1y1pmf6jbc7mzrzskgyndxaw/image_thumb.png
mattermost/data/20230215/teams/noteam/channels/aoqn3kx6xfdyikeeq7ekpbtqnc/
mattermost/data/20230215/teams/noteam/channels/aoqn3kx6xfdyikeeq7ekpbtqnc/users/
mattermost/data/20230215/teams/noteam/channels/aoqn3kx6xfdyikeeq7ekpbtqnc/users/utdpemauwfdmirbb4tsschetco/
mattermost/data/20230215/teams/noteam/channels/aoqn3kx6xfdyikeeq7ekpbtqnc/users/utdpemauwfdmirbb4tsschetco/cumjqxh67j8riqmkhpx4af95ze/
mattermost/data/20230215/teams/noteam/channels/aoqn3kx6xfdyikeeq7ekpbtqnc/users/utdpemauwfdmirbb4tsschetco/cumjqxh67j8riqmkhpx4af95ze/Screen Shot 2023-02-15 at 11.47.46 AM.png
mattermost/data/20230215/teams/noteam/channels/aoqn3kx6xfdyikeeq7ekpbtqnc/users/utdpemauwfdmirbb4tsschetco/cumjqxh67j8riqmkhpx4af95ze/Screen Shot 2023-02-15 at 11.47.46 AM_preview.png
mattermost/data/20230215/teams/noteam/channels/aoqn3kx6xfdyikeeq7ekpbtqnc/users/utdpemauwfdmirbb4tsschetco/cumjqxh67j8riqmkhpx4af95ze/Screen Shot 2023-02-15 at 11.47.46 AM_thumb.png
mattermost/data/20230215/teams/noteam/channels/bjb1atiaujgb9ypr9ej8tu1jgr/
mattermost/data/20230215/teams/noteam/channels/bjb1atiaujgb9ypr9ej8tu1jgr/users/
mattermost/data/20230215/teams/noteam/channels/bjb1atiaujgb9ypr9ej8tu1jgr/users/19jy8c6kn7dymdwwggde6nfgsw/
mattermost/data/20230215/teams/noteam/channels/bjb1atiaujgb9ypr9ej8tu1jgr/users/19jy8c6kn7dymdwwggde6nfgsw/4bxrfn4kp7redb1be6gehr8h8o/
mattermost/data/20230215/teams/noteam/channels/bjb1atiaujgb9ypr9ej8tu1jgr/users/19jy8c6kn7dymdwwggde6nfgsw/4bxrfn4kp7redb1be6gehr8h8o/Screen Shot 2023-02-15 at 2.29.04 PM.png
mattermost/data/20230215/teams/noteam/channels/bjb1atiaujgb9ypr9ej8tu1jgr/users/19jy8c6kn7dymdwwggde6nfgsw/4bxrfn4kp7redb1be6gehr8h8o/Screen Shot 2023-02-15 at 2.29.04 PM_preview.png
mattermost/data/20230215/teams/noteam/channels/bjb1atiaujgb9ypr9ej8tu1jgr/users/19jy8c6kn7dymdwwggde6nfgsw/4bxrfn4kp7redb1be6gehr8h8o/Screen Shot 2023-02-15 at 2.29.04 PM_thumb.png
mattermost/data/20230216/
mattermost/data/20230216/teams/
mattermost/data/20230216/teams/noteam/
mattermost/data/20230216/teams/noteam/channels/
mattermost/data/20230216/teams/noteam/channels/itw586i7j7y5brksajuaqnx3bc/
mattermost/data/20230216/teams/noteam/channels/itw586i7j7y5brksajuaqnx3bc/users/
mattermost/data/20230216/teams/noteam/channels/itw586i7j7y5brksajuaqnx3bc/users/n7ptc8obt3dktx3jgwi1ofenyr/
mattermost/data/20230216/teams/noteam/channels/itw586i7j7y5brksajuaqnx3bc/users/n7ptc8obt3dktx3jgwi1ofenyr/ako44yf75jrtfjtyifa8nnqegr/
mattermost/data/20230216/teams/noteam/channels/itw586i7j7y5brksajuaqnx3bc/users/n7ptc8obt3dktx3jgwi1ofenyr/ako44yf75jrtfjtyifa8nnqegr/image.png
mattermost/data/20230216/teams/noteam/channels/itw586i7j7y5brksajuaqnx3bc/users/n7ptc8obt3dktx3jgwi1ofenyr/ako44yf75jrtfjtyifa8nnqegr/image_preview.png
mattermost/data/20230216/teams/noteam/channels/itw586i7j7y5brksajuaqnx3bc/users/n7ptc8obt3dktx3jgwi1ofenyr/ako44yf75jrtfjtyifa8nnqegr/image_thumb.png
mattermost/data/20230216/teams/noteam/channels/yfn95daty7go7eqfnmr9o54atc/
mattermost/data/20230216/teams/noteam/channels/yfn95daty7go7eqfnmr9o54atc/users/
mattermost/data/20230216/teams/noteam/channels/yfn95daty7go7eqfnmr9o54atc/users/ix677wwd77nodq1y4kp6zpdhbr/
mattermost/data/20230216/teams/noteam/channels/yfn95daty7go7eqfnmr9o54atc/users/ix677wwd77nodq1y4kp6zpdhbr/3ksw67u3qpbktffhfmqxfe4x6a/
mattermost/data/20230216/teams/noteam/channels/yfn95daty7go7eqfnmr9o54atc/users/ix677wwd77nodq1y4kp6zpdhbr/3ksw67u3qpbktffhfmqxfe4x6a/image.png
mattermost/data/20230216/teams/noteam/channels/yfn95daty7go7eqfnmr9o54atc/users/ix677wwd77nodq1y4kp6zpdhbr/3ksw67u3qpbktffhfmqxfe4x6a/image_preview.png
mattermost/data/20230216/teams/noteam/channels/yfn95daty7go7eqfnmr9o54atc/users/ix677wwd77nodq1y4kp6zpdhbr/3ksw67u3qpbktffhfmqxfe4x6a/image_thumb.png
mattermost/data/20230217/
mattermost/data/20230217/teams/
mattermost/data/20230217/teams/noteam/
mattermost/data/20230217/teams/noteam/channels/
mattermost/data/20230217/teams/noteam/channels/ijn1bip5oircxn88pbgyrogajy/
mattermost/data/20230217/teams/noteam/channels/ijn1bip5oircxn88pbgyrogajy/users/
mattermost/data/20230217/teams/noteam/channels/ijn1bip5oircxn88pbgyrogajy/users/n7ptc8obt3dktx3jgwi1ofenyr/
mattermost/data/20230217/teams/noteam/channels/ijn1bip5oircxn88pbgyrogajy/users/n7ptc8obt3dktx3jgwi1ofenyr/69ze7mk1aidfip4xb81q55em8w/
mattermost/data/20230217/teams/noteam/channels/ijn1bip5oircxn88pbgyrogajy/users/n7ptc8obt3dktx3jgwi1ofenyr/69ze7mk1aidfip4xb81q55em8w/image.png
mattermost/data/20230217/teams/noteam/channels/ijn1bip5oircxn88pbgyrogajy/users/n7ptc8obt3dktx3jgwi1ofenyr/69ze7mk1aidfip4xb81q55em8w/image_preview.png
mattermost/data/20230217/teams/noteam/channels/ijn1bip5oircxn88pbgyrogajy/users/n7ptc8obt3dktx3jgwi1ofenyr/69ze7mk1aidfip4xb81q55em8w/image_thumb.png
mattermost/data/20230217/teams/noteam/channels/ijn1bip5oircxn88pbgyrogajy/users/n7ptc8obt3dktx3jgwi1ofenyr/nm3aeyjcm7bzuc1gfjwohfmk6y/
mattermost/data/20230217/teams/noteam/channels/ijn1bip5oircxn88pbgyrogajy/users/n7ptc8obt3dktx3jgwi1ofenyr/nm3aeyjcm7bzuc1gfjwohfmk6y/image.png
mattermost/data/20230217/teams/noteam/channels/ijn1bip5oircxn88pbgyrogajy/users/n7ptc8obt3dktx3jgwi1ofenyr/nm3aeyjcm7bzuc1gfjwohfmk6y/image_preview.png
mattermost/data/20230217/teams/noteam/channels/ijn1bip5oircxn88pbgyrogajy/users/n7ptc8obt3dktx3jgwi1ofenyr/nm3aeyjcm7bzuc1gfjwohfmk6y/image_thumb.png
mattermost/data/20230221/
mattermost/data/20230221/teams/
mattermost/data/20230221/teams/noteam/
mattermost/data/20230221/teams/noteam/channels/
mattermost/data/20230221/teams/noteam/channels/33u97qg1tprsimb6om18sesayo/
mattermost/data/20230221/teams/noteam/channels/33u97qg1tprsimb6om18sesayo/users/
mattermost/data/20230221/teams/noteam/channels/33u97qg1tprsimb6om18sesayo/users/9gs9rn4hsf8i8gp9m746acu9yh/
mattermost/data/20230221/teams/noteam/channels/33u97qg1tprsimb6om18sesayo/users/9gs9rn4hsf8i8gp9m746acu9yh/7ak6gkdhbjnfbgjmxw47be1ose/
mattermost/data/20230221/teams/noteam/channels/33u97qg1tprsimb6om18sesayo/users/9gs9rn4hsf8i8gp9m746acu9yh/7ak6gkdhbjnfbgjmxw47be1ose/image.png
mattermost/data/20230221/teams/noteam/channels/33u97qg1tprsimb6om18sesayo/users/9gs9rn4hsf8i8gp9m746acu9yh/7ak6gkdhbjnfbgjmxw47be1ose/image_preview.png
mattermost/data/20230221/teams/noteam/channels/33u97qg1tprsimb6om18sesayo/users/9gs9rn4hsf8i8gp9m746acu9yh/7ak6gkdhbjnfbgjmxw47be1ose/image_thumb.png
mattermost/data/20230221/teams/noteam/channels/44qw15px83fbbff3ixs4nskt8c/
mattermost/data/20230221/teams/noteam/channels/44qw15px83fbbff3ixs4nskt8c/users/
mattermost/data/20230221/teams/noteam/channels/44qw15px83fbbff3ixs4nskt8c/users/kbf6649ke3n9zm3ifhxps6zh6h/
mattermost/data/20230221/teams/noteam/channels/44qw15px83fbbff3ixs4nskt8c/users/kbf6649ke3n9zm3ifhxps6zh6h/i535synm4fyytmxjcmh95t7cty/
mattermost/data/20230221/teams/noteam/channels/44qw15px83fbbff3ixs4nskt8c/users/kbf6649ke3n9zm3ifhxps6zh6h/i535synm4fyytmxjcmh95t7cty/image.png
mattermost/data/20230221/teams/noteam/channels/44qw15px83fbbff3ixs4nskt8c/users/kbf6649ke3n9zm3ifhxps6zh6h/i535synm4fyytmxjcmh95t7cty/image_preview.png
mattermost/data/20230221/teams/noteam/channels/44qw15px83fbbff3ixs4nskt8c/users/kbf6649ke3n9zm3ifhxps6zh6h/i535synm4fyytmxjcmh95t7cty/image_thumb.png
mattermost/data/20230221/teams/noteam/channels/9cymfojw83bdtkgabh8gy5yrmo/
mattermost/data/20230221/teams/noteam/channels/9cymfojw83bdtkgabh8gy5yrmo/users/
mattermost/data/20230221/teams/noteam/channels/9cymfojw83bdtkgabh8gy5yrmo/users/n7ptc8obt3dktx3jgwi1ofenyr/
mattermost/data/20230221/teams/noteam/channels/9cymfojw83bdtkgabh8gy5yrmo/users/n7ptc8obt3dktx3jgwi1ofenyr/tp7ss5yydfrdzbwdtpmqs5rnch/
mattermost/data/20230221/teams/noteam/channels/9cymfojw83bdtkgabh8gy5yrmo/users/n7ptc8obt3dktx3jgwi1ofenyr/tp7ss5yydfrdzbwdtpmqs5rnch/IMG_2137.JPG
mattermost/data/20230221/teams/noteam/channels/9cymfojw83bdtkgabh8gy5yrmo/users/n7ptc8obt3dktx3jgwi1ofenyr/tp7ss5yydfrdzbwdtpmqs5rnch/IMG_2137_preview.jpg
mattermost/data/20230221/teams/noteam/channels/9cymfojw83bdtkgabh8gy5yrmo/users/n7ptc8obt3dktx3jgwi1ofenyr/tp7ss5yydfrdzbwdtpmqs5rnch/IMG_2137_thumb.jpg
mattermost/data/20230221/teams/noteam/channels/enb76kkm3pbp5nuxejyg7mc6qr/
mattermost/data/20230221/teams/noteam/channels/enb76kkm3pbp5nuxejyg7mc6qr/users/
mattermost/data/20230221/teams/noteam/channels/enb76kkm3pbp5nuxejyg7mc6qr/users/ix677wwd77nodq1y4kp6zpdhbr/
mattermost/data/20230221/teams/noteam/channels/enb76kkm3pbp5nuxejyg7mc6qr/users/ix677wwd77nodq1y4kp6zpdhbr/yh39ywpscibbjrnmjh3itybejh/
mattermost/data/20230221/teams/noteam/channels/enb76kkm3pbp5nuxejyg7mc6qr/users/ix677wwd77nodq1y4kp6zpdhbr/yh39ywpscibbjrnmjh3itybejh/image.png
mattermost/data/20230221/teams/noteam/channels/enb76kkm3pbp5nuxejyg7mc6qr/users/ix677wwd77nodq1y4kp6zpdhbr/yh39ywpscibbjrnmjh3itybejh/image_preview.png
mattermost/data/20230221/teams/noteam/channels/enb76kkm3pbp5nuxejyg7mc6qr/users/ix677wwd77nodq1y4kp6zpdhbr/yh39ywpscibbjrnmjh3itybejh/image_thumb.png
mattermost/data/20230222/
mattermost/data/20230222/teams/
mattermost/data/20230222/teams/noteam/
mattermost/data/20230222/teams/noteam/channels/
mattermost/data/20230222/teams/noteam/channels/yeqhhxnfsbr6pcd8athaggeoka/
mattermost/data/20230222/teams/noteam/channels/yeqhhxnfsbr6pcd8athaggeoka/users/
mattermost/data/20230222/teams/noteam/channels/yeqhhxnfsbr6pcd8athaggeoka/users/utdpemauwfdmirbb4tsschetco/
mattermost/data/20230222/teams/noteam/channels/yeqhhxnfsbr6pcd8athaggeoka/users/utdpemauwfdmirbb4tsschetco/z1u9x7gbpfbpx8gdcnh8o3rffo/
mattermost/data/20230222/teams/noteam/channels/yeqhhxnfsbr6pcd8athaggeoka/users/utdpemauwfdmirbb4tsschetco/z1u9x7gbpfbpx8gdcnh8o3rffo/Screen Shot 2023-02-22 at 11.29.42 AM.png
mattermost/data/20230222/teams/noteam/channels/yeqhhxnfsbr6pcd8athaggeoka/users/utdpemauwfdmirbb4tsschetco/z1u9x7gbpfbpx8gdcnh8o3rffo/Screen Shot 2023-02-22 at 11.29.42 AM_preview.png
mattermost/data/20230222/teams/noteam/channels/yeqhhxnfsbr6pcd8athaggeoka/users/utdpemauwfdmirbb4tsschetco/z1u9x7gbpfbpx8gdcnh8o3rffo/Screen Shot 2023-02-22 at 11.29.42 AM_thumb.png
mattermost/data/20230222/teams/noteam/channels/yqy9h367rigfxdaxp8bukwx9ha/
mattermost/data/20230222/teams/noteam/channels/yqy9h367rigfxdaxp8bukwx9ha/users/
mattermost/data/20230222/teams/noteam/channels/yqy9h367rigfxdaxp8bukwx9ha/users/81jxicdk33rzdren99753nw75e/
mattermost/data/20230222/teams/noteam/channels/yqy9h367rigfxdaxp8bukwx9ha/users/81jxicdk33rzdren99753nw75e/b3bbtyhp8pfniy6yp1xrkmp8jw/
mattermost/data/20230222/teams/noteam/channels/yqy9h367rigfxdaxp8bukwx9ha/users/81jxicdk33rzdren99753nw75e/b3bbtyhp8pfniy6yp1xrkmp8jw/image.png
mattermost/data/20230222/teams/noteam/channels/yqy9h367rigfxdaxp8bukwx9ha/users/81jxicdk33rzdren99753nw75e/b3bbtyhp8pfniy6yp1xrkmp8jw/image_preview.png
mattermost/data/20230222/teams/noteam/channels/yqy9h367rigfxdaxp8bukwx9ha/users/81jxicdk33rzdren99753nw75e/b3bbtyhp8pfniy6yp1xrkmp8jw/image_thumb.png
mattermost/data/20230223/
mattermost/data/20230223/teams/
mattermost/data/20230223/teams/noteam/
mattermost/data/20230223/teams/noteam/channels/
mattermost/data/20230223/teams/noteam/channels/9cymfojw83bdtkgabh8gy5yrmo/
mattermost/data/20230223/teams/noteam/channels/9cymfojw83bdtkgabh8gy5yrmo/users/
mattermost/data/20230223/teams/noteam/channels/9cymfojw83bdtkgabh8gy5yrmo/users/81jxicdk33rzdren99753nw75e/
mattermost/data/20230223/teams/noteam/channels/9cymfojw83bdtkgabh8gy5yrmo/users/81jxicdk33rzdren99753nw75e/b6d5u9pqpbgo5ytry9uuk4usoo/
mattermost/data/20230223/teams/noteam/channels/9cymfojw83bdtkgabh8gy5yrmo/users/81jxicdk33rzdren99753nw75e/b6d5u9pqpbgo5ytry9uuk4usoo/image.png
mattermost/data/20230223/teams/noteam/channels/9cymfojw83bdtkgabh8gy5yrmo/users/81jxicdk33rzdren99753nw75e/b6d5u9pqpbgo5ytry9uuk4usoo/image_preview.png
mattermost/data/20230223/teams/noteam/channels/9cymfojw83bdtkgabh8gy5yrmo/users/81jxicdk33rzdren99753nw75e/b6d5u9pqpbgo5ytry9uuk4usoo/image_thumb.png
mattermost/data/20230223/teams/noteam/channels/9cymfojw83bdtkgabh8gy5yrmo/users/81jxicdk33rzdren99753nw75e/jm93foee8tgypcmkwru9h7ddea/
mattermost/data/20230223/teams/noteam/channels/9cymfojw83bdtkgabh8gy5yrmo/users/81jxicdk33rzdren99753nw75e/jm93foee8tgypcmkwru9h7ddea/image.png
mattermost/data/20230223/teams/noteam/channels/9cymfojw83bdtkgabh8gy5yrmo/users/81jxicdk33rzdren99753nw75e/jm93foee8tgypcmkwru9h7ddea/image_preview.png
mattermost/data/20230223/teams/noteam/channels/9cymfojw83bdtkgabh8gy5yrmo/users/81jxicdk33rzdren99753nw75e/jm93foee8tgypcmkwru9h7ddea/image_thumb.png
mattermost/data/20230223/teams/noteam/channels/cgohf9tndpg6pqrxkd9gzi3w1h/
mattermost/data/20230223/teams/noteam/channels/cgohf9tndpg6pqrxkd9gzi3w1h/users/
mattermost/data/20230223/teams/noteam/channels/cgohf9tndpg6pqrxkd9gzi3w1h/users/fzngpmt1jjd4ipkqxyt9yzarcw/
mattermost/data/20230223/teams/noteam/channels/cgohf9tndpg6pqrxkd9gzi3w1h/users/fzngpmt1jjd4ipkqxyt9yzarcw/rpti3cprhffkmxxe4axya8boeo/
mattermost/data/20230223/teams/noteam/channels/cgohf9tndpg6pqrxkd9gzi3w1h/users/fzngpmt1jjd4ipkqxyt9yzarcw/rpti3cprhffkmxxe4axya8boeo/dta_row.png
mattermost/data/20230223/teams/noteam/channels/cgohf9tndpg6pqrxkd9gzi3w1h/users/fzngpmt1jjd4ipkqxyt9yzarcw/rpti3cprhffkmxxe4axya8boeo/dta_row_preview.png
mattermost/data/20230223/teams/noteam/channels/cgohf9tndpg6pqrxkd9gzi3w1h/users/fzngpmt1jjd4ipkqxyt9yzarcw/rpti3cprhffkmxxe4axya8boeo/dta_row_thumb.png
mattermost/data/20230223/teams/noteam/channels/cgohf9tndpg6pqrxkd9gzi3w1h/users/yjanybdp63ffzxuurgrbaesujh/
mattermost/data/20230223/teams/noteam/channels/cgohf9tndpg6pqrxkd9gzi3w1h/users/yjanybdp63ffzxuurgrbaesujh/8bhnd65dupga3xf4a61o43dsyo/
mattermost/data/20230223/teams/noteam/channels/cgohf9tndpg6pqrxkd9gzi3w1h/users/yjanybdp63ffzxuurgrbaesujh/8bhnd65dupga3xf4a61o43dsyo/image.png
mattermost/data/20230223/teams/noteam/channels/cgohf9tndpg6pqrxkd9gzi3w1h/users/yjanybdp63ffzxuurgrbaesujh/8bhnd65dupga3xf4a61o43dsyo/image_preview.png
mattermost/data/20230223/teams/noteam/channels/cgohf9tndpg6pqrxkd9gzi3w1h/users/yjanybdp63ffzxuurgrbaesujh/8bhnd65dupga3xf4a61o43dsyo/image_thumb.png
mattermost/data/20230223/teams/noteam/channels/f6jyy79cxpg3mjsy6q6yibdmuc/
mattermost/data/20230223/teams/noteam/channels/f6jyy79cxpg3mjsy6q6yibdmuc/users/
mattermost/data/20230223/teams/noteam/channels/f6jyy79cxpg3mjsy6q6yibdmuc/users/n7ptc8obt3dktx3jgwi1ofenyr/
mattermost/data/20230223/teams/noteam/channels/f6jyy79cxpg3mjsy6q6yibdmuc/users/n7ptc8obt3dktx3jgwi1ofenyr/spge4g5ftifidy31muj9mr973w/
mattermost/data/20230223/teams/noteam/channels/f6jyy79cxpg3mjsy6q6yibdmuc/users/n7ptc8obt3dktx3jgwi1ofenyr/spge4g5ftifidy31muj9mr973w/being_formed_by_divine_services.ms.pdf
mattermost/data/20230223/teams/noteam/channels/ijn1bip5oircxn88pbgyrogajy/
mattermost/data/20230223/teams/noteam/channels/ijn1bip5oircxn88pbgyrogajy/users/
mattermost/data/20230223/teams/noteam/channels/ijn1bip5oircxn88pbgyrogajy/users/n7ptc8obt3dktx3jgwi1ofenyr/
mattermost/data/20230223/teams/noteam/channels/ijn1bip5oircxn88pbgyrogajy/users/n7ptc8obt3dktx3jgwi1ofenyr/hjz6tzy9yigqjks8ykq17xs7by/
mattermost/data/20230223/teams/noteam/channels/ijn1bip5oircxn88pbgyrogajy/users/n7ptc8obt3dktx3jgwi1ofenyr/hjz6tzy9yigqjks8ykq17xs7by/image.png
mattermost/data/20230223/teams/noteam/channels/ijn1bip5oircxn88pbgyrogajy/users/n7ptc8obt3dktx3jgwi1ofenyr/hjz6tzy9yigqjks8ykq17xs7by/image_preview.png
mattermost/data/20230223/teams/noteam/channels/ijn1bip5oircxn88pbgyrogajy/users/n7ptc8obt3dktx3jgwi1ofenyr/hjz6tzy9yigqjks8ykq17xs7by/image_thumb.png
mattermost/data/20230224/
mattermost/data/20230224/teams/
mattermost/data/20230224/teams/noteam/
mattermost/data/20230224/teams/noteam/channels/
mattermost/data/20230224/teams/noteam/channels/yfn95daty7go7eqfnmr9o54atc/
mattermost/data/20230224/teams/noteam/channels/yfn95daty7go7eqfnmr9o54atc/users/
mattermost/data/20230224/teams/noteam/channels/yfn95daty7go7eqfnmr9o54atc/users/ix677wwd77nodq1y4kp6zpdhbr/
mattermost/data/20230224/teams/noteam/channels/yfn95daty7go7eqfnmr9o54atc/users/ix677wwd77nodq1y4kp6zpdhbr/ejpmzme4ft8q7gr1ist6gwrsfa/
mattermost/data/20230224/teams/noteam/channels/yfn95daty7go7eqfnmr9o54atc/users/ix677wwd77nodq1y4kp6zpdhbr/ejpmzme4ft8q7gr1ist6gwrsfa/image.png
mattermost/data/20230224/teams/noteam/channels/yfn95daty7go7eqfnmr9o54atc/users/ix677wwd77nodq1y4kp6zpdhbr/ejpmzme4ft8q7gr1ist6gwrsfa/image_preview.png
mattermost/data/20230224/teams/noteam/channels/yfn95daty7go7eqfnmr9o54atc/users/ix677wwd77nodq1y4kp6zpdhbr/ejpmzme4ft8q7gr1ist6gwrsfa/image_thumb.png
mattermost/data/20230227/
mattermost/data/20230227/teams/
mattermost/data/20230227/teams/noteam/
mattermost/data/20230227/teams/noteam/channels/
mattermost/data/20230227/teams/noteam/channels/bjb1atiaujgb9ypr9ej8tu1jgr/
mattermost/data/20230227/teams/noteam/channels/bjb1atiaujgb9ypr9ej8tu1jgr/users/
mattermost/data/20230227/teams/noteam/channels/bjb1atiaujgb9ypr9ej8tu1jgr/users/yjanybdp63ffzxuurgrbaesujh/
mattermost/data/20230227/teams/noteam/channels/bjb1atiaujgb9ypr9ej8tu1jgr/users/yjanybdp63ffzxuurgrbaesujh/yh1n56nceb8fiqosnz3h4o1xxc/
mattermost/data/20230227/teams/noteam/channels/bjb1atiaujgb9ypr9ej8tu1jgr/users/yjanybdp63ffzxuurgrbaesujh/yh1n56nceb8fiqosnz3h4o1xxc/image.png
mattermost/data/20230227/teams/noteam/channels/bjb1atiaujgb9ypr9ej8tu1jgr/users/yjanybdp63ffzxuurgrbaesujh/yh1n56nceb8fiqosnz3h4o1xxc/image_preview.png
mattermost/data/20230227/teams/noteam/channels/bjb1atiaujgb9ypr9ej8tu1jgr/users/yjanybdp63ffzxuurgrbaesujh/yh1n56nceb8fiqosnz3h4o1xxc/image_thumb.png
mattermost/data/20230228/
mattermost/data/20230228/teams/
mattermost/data/20230228/teams/noteam/
mattermost/data/20230228/teams/noteam/channels/
mattermost/data/20230228/teams/noteam/channels/bjb1atiaujgb9ypr9ej8tu1jgr/
mattermost/data/20230228/teams/noteam/channels/bjb1atiaujgb9ypr9ej8tu1jgr/users/
mattermost/data/20230228/teams/noteam/channels/bjb1atiaujgb9ypr9ej8tu1jgr/users/yjanybdp63ffzxuurgrbaesujh/
mattermost/data/20230228/teams/noteam/channels/bjb1atiaujgb9ypr9ej8tu1jgr/users/yjanybdp63ffzxuurgrbaesujh/g7bux6of4pr6be68khkk4en6ba/
mattermost/data/20230228/teams/noteam/channels/bjb1atiaujgb9ypr9ej8tu1jgr/users/yjanybdp63ffzxuurgrbaesujh/g7bux6of4pr6be68khkk4en6ba/image.png
mattermost/data/20230228/teams/noteam/channels/bjb1atiaujgb9ypr9ej8tu1jgr/users/yjanybdp63ffzxuurgrbaesujh/g7bux6of4pr6be68khkk4en6ba/image_preview.png
mattermost/data/20230228/teams/noteam/channels/bjb1atiaujgb9ypr9ej8tu1jgr/users/yjanybdp63ffzxuurgrbaesujh/g7bux6of4pr6be68khkk4en6ba/image_thumb.png
mattermost/data/20230228/teams/noteam/channels/xmnnxc7ds7g1ifbicn8b6t6gma/
mattermost/data/20230228/teams/noteam/channels/xmnnxc7ds7g1ifbicn8b6t6gma/users/
mattermost/data/20230228/teams/noteam/channels/xmnnxc7ds7g1ifbicn8b6t6gma/users/81jxicdk33rzdren99753nw75e/
mattermost/data/20230228/teams/noteam/channels/xmnnxc7ds7g1ifbicn8b6t6gma/users/81jxicdk33rzdren99753nw75e/f1mwr6phei8t3xryjy9cw9xhaa/
mattermost/data/20230228/teams/noteam/channels/xmnnxc7ds7g1ifbicn8b6t6gma/users/81jxicdk33rzdren99753nw75e/f1mwr6phei8t3xryjy9cw9xhaa/image.png
mattermost/data/20230228/teams/noteam/channels/xmnnxc7ds7g1ifbicn8b6t6gma/users/81jxicdk33rzdren99753nw75e/f1mwr6phei8t3xryjy9cw9xhaa/image_preview.png
mattermost/data/20230228/teams/noteam/channels/xmnnxc7ds7g1ifbicn8b6t6gma/users/81jxicdk33rzdren99753nw75e/f1mwr6phei8t3xryjy9cw9xhaa/image_thumb.png
mattermost/data/57fmnt7yain6bk4y3a4c89jruy/
mattermost/data/57fmnt7yain6bk4y3a4c89jruy/bncqmk7eumjnyurf1uiybco8zqa/
mattermost/data/57fmnt7yain6bk4y3a4c89jruy/bncqmk7eumjnyurf1uiybco8zqa/73a5ho78xyidh8jz1xpwt8rw5bo.gif
mattermost/data/57fmnt7yain6bk4y3a4c89jruy/bncqmk7eumjnyurf1uiybco8zqa/75suz4pwthtrk98w5skbwz1yyfc.png
mattermost/data/57fmnt7yain6bk4y3a4c89jruy/bncqmk7eumjnyurf1uiybco8zqa/76y5p7drsoirh5m135uks5zb5ay.gif
mattermost/data/57fmnt7yain6bk4y3a4c89jruy/bncqmk7eumjnyurf1uiybco8zqa/7jh67bxgnfbnzikgjqdh83gisrr.gif
mattermost/data/57fmnt7yain6bk4y3a4c89jruy/bncqmk7eumjnyurf1uiybco8zqa/7q7wyg1bewf8d7jjp8993znjzqh.gif
mattermost/data/57fmnt7yain6bk4y3a4c89jruy/bncqmk7eumjnyurf1uiybco8zqa/7qqtwmpdyhi8ufcccqb5dmk5k8c.gif
mattermost/data/57fmnt7yain6bk4y3a4c89jruy/bncqmk7eumjnyurf1uiybco8zqa/7tik4ai5tntn83bjqawgjkeit3e.png
mattermost/data/57fmnt7yain6bk4y3a4c89jruy/bncqmk7eumjnyurf1uiybco8zqa/7wh1jaacetb8nppw914g41bchae.gif
mattermost/data/emoji/
mattermost/data/emoji/4ueihydx9ibhtxzzbriodr97ac/
mattermost/data/emoji/4ueihydx9ibhtxzzbriodr97ac/image
mattermost/data/emoji/ok678xdy4f8h9yhkrs51y74yhh/
mattermost/data/emoji/ok678xdy4f8h9yhkrs51y74yhh/image
mattermost/data/emoji/ozhgtqitb3yn5pwkxz97npd4nh/
mattermost/data/emoji/ozhgtqitb3yn5pwkxz97npd4nh/image
mattermost/data/emoji/shpkdje9djbtpjtewjzdiazoty/
mattermost/data/emoji/shpkdje9djbtpjtewjzdiazoty/image
mattermost/logs/mattermost.log
mattermost/logs/notifications.log
mattermost/plugins/
mattermost/plugins/com.github.matterpoll.matterpoll/
mattermost/plugins/com.github.matterpoll.matterpoll/.filestore
mattermost/plugins/com.github.matterpoll.matterpoll/plugin.json
mattermost/plugins/com.github.matterpoll.matterpoll/assets/
mattermost/plugins/com.github.matterpoll.matterpoll/assets/logo_dark-bg.png
mattermost/plugins/com.github.matterpoll.matterpoll/assets/logo_dark-bg.svg
mattermost/plugins/com.github.matterpoll.matterpoll/assets/logo_dark.svg
mattermost/plugins/com.github.matterpoll.matterpoll/assets/i18n/
mattermost/plugins/com.github.matterpoll.matterpoll/assets/i18n/active.de.json
mattermost/plugins/com.github.matterpoll.matterpoll/assets/i18n/active.en.json
mattermost/plugins/com.github.matterpoll.matterpoll/assets/i18n/active.es.json
mattermost/plugins/com.github.matterpoll.matterpoll/assets/i18n/active.fr.json
mattermost/plugins/com.github.matterpoll.matterpoll/assets/i18n/active.ja.json
mattermost/plugins/com.github.matterpoll.matterpoll/assets/i18n/active.ko.json
mattermost/plugins/com.github.matterpoll.matterpoll/assets/i18n/active.pl.json
mattermost/plugins/com.github.matterpoll.matterpoll/assets/i18n/active.zh-CN.json
mattermost/plugins/com.github.matterpoll.matterpoll/assets/i18n/active.zh-TW.json
mattermost/plugins/com.github.matterpoll.matterpoll/server/
mattermost/plugins/com.github.matterpoll.matterpoll/server/dist/
mattermost/plugins/com.github.matterpoll.matterpoll/server/dist/plugin-linux-amd64
mattermost/plugins/com.github.matterpoll.matterpoll/webapp/
mattermost/plugins/com.github.matterpoll.matterpoll/webapp/dist/
mattermost/plugins/com.github.matterpoll.matterpoll/webapp/dist/main.js
mattermost/plugins/com.mattermost.apps/
mattermost/plugins/com.mattermost.apps/.filestore
mattermost/plugins/com.mattermost.apps/plugin.json
mattermost/plugins/com.mattermost.apps/assets/
mattermost/plugins/com.mattermost.apps/assets/manifests.json
mattermost/plugins/com.mattermost.apps/assets/profile.png
mattermost/plugins/com.mattermost.apps/assets/i18n/
mattermost/plugins/com.mattermost.apps/assets/i18n/active.en.json
mattermost/plugins/com.mattermost.apps/assets/i18n/active.es.json
mattermost/plugins/com.mattermost.apps/server/
mattermost/plugins/com.mattermost.apps/server/dist/
mattermost/plugins/com.mattermost.apps/server/dist/plugin-linux-amd64
